{"contracts/MyTokenA.sol":{"l":{"16":0,"20":0,"24":8,"33":15},"path":"/home/cristian/Workspace/etherKipuTp3/hardhat/contracts/MyTokenA.sol","s":{"1":0,"2":0,"3":8,"4":15},"b":{"1":[0,0],"2":[0,0],"3":[8,0]},"f":{"1":4,"2":0,"3":0,"4":8,"5":15},"fnMap":{"1":{"name":"constructor","line":12,"loc":{"start":{"line":10,"column":4},"end":{"line":13,"column":5}}},"2":{"name":"pause","line":15,"loc":{"start":{"line":15,"column":4},"end":{"line":17,"column":4}}},"3":{"name":"unpause","line":19,"loc":{"start":{"line":19,"column":4},"end":{"line":21,"column":4}}},"4":{"name":"mint","line":23,"loc":{"start":{"line":23,"column":4},"end":{"line":25,"column":4}}},"5":{"name":"_update","line":29,"loc":{"start":{"line":29,"column":4},"end":{"line":34,"column":4}}}},"statementMap":{"1":{"start":{"line":16,"column":8},"end":{"line":16,"column":15}},"2":{"start":{"line":20,"column":8},"end":{"line":20,"column":17}},"3":{"start":{"line":24,"column":8},"end":{"line":24,"column":24}},"4":{"start":{"line":33,"column":8},"end":{"line":33,"column":37}}},"branchMap":{"1":{"line":15,"type":"if","locations":[{"start":{"line":15,"column":28},"end":{"line":15,"column":28}},{"start":{"line":15,"column":28},"end":{"line":15,"column":28}}]},"2":{"line":19,"type":"if","locations":[{"start":{"line":19,"column":30},"end":{"line":19,"column":30}},{"start":{"line":19,"column":30},"end":{"line":19,"column":30}}]},"3":{"line":23,"type":"if","locations":[{"start":{"line":23,"column":53},"end":{"line":23,"column":53}},{"start":{"line":23,"column":53},"end":{"line":23,"column":53}}]}}},"contracts/MyTokenB.sol":{"l":{"16":0,"20":0,"24":8,"33":15},"path":"/home/cristian/Workspace/etherKipuTp3/hardhat/contracts/MyTokenB.sol","s":{"1":0,"2":0,"3":8,"4":15},"b":{"1":[0,0],"2":[0,0],"3":[8,0]},"f":{"1":4,"2":0,"3":0,"4":8,"5":15},"fnMap":{"1":{"name":"constructor","line":12,"loc":{"start":{"line":10,"column":4},"end":{"line":13,"column":5}}},"2":{"name":"pause","line":15,"loc":{"start":{"line":15,"column":4},"end":{"line":17,"column":4}}},"3":{"name":"unpause","line":19,"loc":{"start":{"line":19,"column":4},"end":{"line":21,"column":4}}},"4":{"name":"mint","line":23,"loc":{"start":{"line":23,"column":4},"end":{"line":25,"column":4}}},"5":{"name":"_update","line":29,"loc":{"start":{"line":29,"column":4},"end":{"line":34,"column":4}}}},"statementMap":{"1":{"start":{"line":16,"column":8},"end":{"line":16,"column":15}},"2":{"start":{"line":20,"column":8},"end":{"line":20,"column":17}},"3":{"start":{"line":24,"column":8},"end":{"line":24,"column":24}},"4":{"start":{"line":33,"column":8},"end":{"line":33,"column":37}}},"branchMap":{"1":{"line":15,"type":"if","locations":[{"start":{"line":15,"column":28},"end":{"line":15,"column":28}},{"start":{"line":15,"column":28},"end":{"line":15,"column":28}}]},"2":{"line":19,"type":"if","locations":[{"start":{"line":19,"column":30},"end":{"line":19,"column":30}},{"start":{"line":19,"column":30},"end":{"line":19,"column":30}}]},"3":{"line":23,"type":"if","locations":[{"start":{"line":23,"column":53},"end":{"line":23,"column":53}},{"start":{"line":23,"column":53},"end":{"line":23,"column":53}}]}}},"contracts/SimpleSwap.sol":{"l":{"56":0,"64":0,"88":4,"90":4,"91":4,"92":4,"95":4,"97":4,"98":4,"100":4,"101":4,"103":4,"104":4,"106":4,"107":4,"108":4,"109":4,"110":4,"111":4,"112":4,"133":1,"134":1,"135":1,"137":1,"138":1,"139":1,"142":1,"144":1,"146":1,"147":1,"149":1,"150":1,"152":1,"154":1,"155":1,"157":1,"158":1,"159":1,"160":1,"161":1,"174":0,"175":0,"176":0,"177":0,"178":0,"179":0,"193":4,"194":4,"195":4,"213":2,"215":2,"216":2,"217":2,"219":2,"221":2,"222":2,"223":2,"224":2,"226":2,"227":2,"229":2,"230":1,"231":1,"233":1,"234":1,"237":2,"238":2,"240":2,"241":2,"242":2,"243":2,"244":2,"245":2,"258":5,"272":4,"273":4,"274":4,"275":4,"277":0,"278":0,"279":0,"281":0,"282":0,"296":1,"297":1,"310":4,"311":4,"312":4,"314":0,"315":0,"316":0},"path":"/home/cristian/Workspace/etherKipuTp3/hardhat/contracts/SimpleSwap.sol","s":{"1":0,"2":0,"3":4,"4":4,"5":4,"6":4,"7":4,"8":4,"9":4,"10":4,"11":4,"12":4,"13":4,"14":4,"15":4,"16":4,"17":1,"18":1,"19":1,"20":1,"21":1,"22":1,"23":1,"24":1,"25":1,"26":1,"27":1,"28":1,"29":1,"30":1,"31":1,"32":1,"33":1,"34":0,"35":0,"36":0,"37":0,"38":0,"39":4,"40":4,"41":2,"42":2,"43":2,"44":2,"45":2,"46":2,"47":2,"48":2,"49":2,"50":2,"51":2,"52":2,"53":2,"54":2,"55":2,"56":2,"57":2,"58":5,"59":4,"60":4,"61":4,"62":4,"63":0,"64":0,"65":0,"66":0,"67":0,"68":1,"69":1,"70":4,"71":4,"72":4,"73":0,"74":0,"75":0},"b":{"1":[0,0],"2":[0,0],"3":[4,0],"4":[4,0],"5":[4,0],"6":[4,0],"7":[4,0],"8":[4,0],"9":[4,0],"10":[4,0],"11":[4,0],"12":[1,0],"13":[1,0],"14":[1,0],"15":[1,0],"16":[1,0],"17":[1,0],"18":[1,0],"19":[1,0],"20":[1,0],"21":[1,0],"22":[0,0],"23":[0,0],"24":[4,0],"25":[2,0],"26":[2,0],"27":[2,0],"28":[2,0],"29":[2,0],"30":[2,0],"31":[2,0],"32":[1,1],"33":[2,0],"34":[4,0],"35":[0,0],"36":[4,0]},"f":{"1":4,"2":0,"3":0,"4":4,"5":1,"6":0,"7":4,"8":2,"9":5,"10":4,"11":1,"12":4},"fnMap":{"1":{"name":"constructor","line":49,"loc":{"start":{"line":47,"column":4},"end":{"line":49,"column":30}}},"2":{"name":"pause","line":55,"loc":{"start":{"line":55,"column":4},"end":{"line":57,"column":4}}},"3":{"name":"unpause","line":63,"loc":{"start":{"line":63,"column":4},"end":{"line":65,"column":4}}},"4":{"name":"addLiquidity","line":85,"loc":{"start":{"line":82,"column":4},"end":{"line":113,"column":4}}},"5":{"name":"removeLiquidity","line":130,"loc":{"start":{"line":128,"column":4},"end":{"line":162,"column":4}}},"6":{"name":"getPrice","line":171,"loc":{"start":{"line":171,"column":5},"end":{"line":180,"column":5}}},"7":{"name":"getAmountOut","line":190,"loc":{"start":{"line":190,"column":5},"end":{"line":196,"column":5}}},"8":{"name":"swapExactTokensForTokens","line":210,"loc":{"start":{"line":208,"column":5},"end":{"line":246,"column":5}}},"9":{"name":"_update","line":255,"loc":{"start":{"line":255,"column":4},"end":{"line":259,"column":4}}},"10":{"name":"calculateLiquidityAmounts","line":269,"loc":{"start":{"line":269,"column":4},"end":{"line":284,"column":4}}},"11":{"name":"calculateTokenAmounts","line":293,"loc":{"start":{"line":293,"column":4},"end":{"line":298,"column":4}}},"12":{"name":"calculateLiquidityToken","line":307,"loc":{"start":{"line":307,"column":4},"end":{"line":318,"column":4}}}},"statementMap":{"1":{"start":{"line":56,"column":8},"end":{"line":56,"column":15}},"2":{"start":{"line":64,"column":8},"end":{"line":64,"column":17}},"3":{"start":{"line":88,"column":8},"end":{"line":88,"column":36}},"4":{"start":{"line":90,"column":8},"end":{"line":90,"column":88}},"5":{"start":{"line":91,"column":8},"end":{"line":91,"column":61}},"6":{"start":{"line":92,"column":8},"end":{"line":92,"column":3976}},"7":{"start":{"line":97,"column":8},"end":{"line":97,"column":74}},"8":{"start":{"line":98,"column":8},"end":{"line":98,"column":74}},"9":{"start":{"line":100,"column":8},"end":{"line":100,"column":92}},"10":{"start":{"line":101,"column":8},"end":{"line":101,"column":92}},"11":{"start":{"line":103,"column":8},"end":{"line":103,"column":69}},"12":{"start":{"line":104,"column":8},"end":{"line":104,"column":69}},"13":{"start":{"line":109,"column":8},"end":{"line":109,"column":33}},"14":{"start":{"line":110,"column":8},"end":{"line":110,"column":71}},"15":{"start":{"line":111,"column":8},"end":{"line":111,"column":56}},"16":{"start":{"line":112,"column":8},"end":{"line":112,"column":44}},"17":{"start":{"line":133,"column":8},"end":{"line":133,"column":33}},"18":{"start":{"line":134,"column":8},"end":{"line":134,"column":33}},"19":{"start":{"line":135,"column":8},"end":{"line":135,"column":36}},"20":{"start":{"line":137,"column":8},"end":{"line":137,"column":88}},"21":{"start":{"line":138,"column":8},"end":{"line":138,"column":61}},"22":{"start":{"line":139,"column":8},"end":{"line":139,"column":6426}},"23":{"start":{"line":142,"column":8},"end":{"line":142,"column":89}},"24":{"start":{"line":146,"column":8},"end":{"line":146,"column":75}},"25":{"start":{"line":147,"column":8},"end":{"line":147,"column":75}},"26":{"start":{"line":149,"column":8},"end":{"line":149,"column":62}},"27":{"start":{"line":150,"column":8},"end":{"line":150,"column":62}},"28":{"start":{"line":152,"column":8},"end":{"line":152,"column":41}},"29":{"start":{"line":157,"column":8},"end":{"line":157,"column":42}},"30":{"start":{"line":158,"column":8},"end":{"line":158,"column":42}},"31":{"start":{"line":159,"column":8},"end":{"line":159,"column":71}},"32":{"start":{"line":160,"column":8},"end":{"line":160,"column":56}},"33":{"start":{"line":161,"column":8},"end":{"line":161,"column":33}},"34":{"start":{"line":174,"column":8},"end":{"line":174,"column":33}},"35":{"start":{"line":175,"column":8},"end":{"line":175,"column":33}},"36":{"start":{"line":176,"column":8},"end":{"line":176,"column":88}},"37":{"start":{"line":177,"column":8},"end":{"line":177,"column":80}},"38":{"start":{"line":179,"column":8},"end":{"line":179,"column":20}},"39":{"start":{"line":193,"column":8},"end":{"line":193,"column":58}},"40":{"start":{"line":195,"column":8},"end":{"line":195,"column":24}},"41":{"start":{"line":213,"column":8},"end":{"line":213,"column":36}},"42":{"start":{"line":215,"column":8},"end":{"line":215,"column":96}},"43":{"start":{"line":216,"column":8},"end":{"line":216,"column":90}},"44":{"start":{"line":217,"column":8},"end":{"line":217,"column":61}},"45":{"start":{"line":219,"column":8},"end":{"line":219,"column":115}},"46":{"start":{"line":221,"column":8},"end":{"line":221,"column":33}},"47":{"start":{"line":222,"column":8},"end":{"line":222,"column":33}},"48":{"start":{"line":223,"column":8},"end":{"line":223,"column":124}},"49":{"start":{"line":224,"column":8},"end":{"line":224,"column":67}},"50":{"start":{"line":226,"column":8},"end":{"line":226,"column":96}},"51":{"start":{"line":227,"column":8},"end":{"line":227,"column":101}},"52":{"start":{"line":229,"column":8},"end":{"line":229,"column":11014}},"53":{"start":{"line":237,"column":8},"end":{"line":237,"column":71}},"54":{"start":{"line":238,"column":8},"end":{"line":238,"column":53}},"55":{"start":{"line":243,"column":8},"end":{"line":243,"column":71}},"56":{"start":{"line":244,"column":8},"end":{"line":244,"column":96}},"57":{"start":{"line":245,"column":8},"end":{"line":245,"column":22}},"58":{"start":{"line":258,"column":8},"end":{"line":258,"column":37}},"59":{"start":{"line":272,"column":8},"end":{"line":272,"column":33}},"60":{"start":{"line":273,"column":8},"end":{"line":273,"column":33}},"61":{"start":{"line":274,"column":8},"end":{"line":274,"column":12889}},"62":{"start":{"line":275,"column":12},"end":{"line":275,"column":51}},"63":{"start":{"line":277,"column":8},"end":{"line":277,"column":70}},"64":{"start":{"line":278,"column":8},"end":{"line":278,"column":13072}},"65":{"start":{"line":279,"column":12},"end":{"line":279,"column":51}},"66":{"start":{"line":281,"column":12},"end":{"line":281,"column":74}},"67":{"start":{"line":282,"column":12},"end":{"line":282,"column":51}},"68":{"start":{"line":296,"column":8},"end":{"line":296,"column":40}},"69":{"start":{"line":297,"column":8},"end":{"line":297,"column":91}},"70":{"start":{"line":310,"column":8},"end":{"line":310,"column":40}},"71":{"start":{"line":311,"column":8},"end":{"line":311,"column":14558}},"72":{"start":{"line":312,"column":13},"end":{"line":312,"column":48}},"73":{"start":{"line":314,"column":12},"end":{"line":314,"column":64}},"74":{"start":{"line":315,"column":12},"end":{"line":315,"column":64}},"75":{"start":{"line":316,"column":12},"end":{"line":316,"column":51}}},"branchMap":{"1":{"line":55,"type":"if","locations":[{"start":{"line":55,"column":28},"end":{"line":55,"column":28}},{"start":{"line":55,"column":28},"end":{"line":55,"column":28}}]},"2":{"line":63,"type":"if","locations":[{"start":{"line":63,"column":30},"end":{"line":63,"column":30}},{"start":{"line":63,"column":30},"end":{"line":63,"column":30}}]},"3":{"line":85,"type":"if","locations":[{"start":{"line":85,"column":18},"end":{"line":85,"column":18}},{"start":{"line":85,"column":18},"end":{"line":85,"column":18}}]},"4":{"line":90,"type":"if","locations":[{"start":{"line":90,"column":8},"end":{"line":90,"column":8}},{"start":{"line":90,"column":8},"end":{"line":90,"column":8}}]},"5":{"line":91,"type":"if","locations":[{"start":{"line":91,"column":8},"end":{"line":91,"column":8}},{"start":{"line":91,"column":8},"end":{"line":91,"column":8}}]},"6":{"line":92,"type":"if","locations":[{"start":{"line":92,"column":8},"end":{"line":92,"column":8}},{"start":{"line":92,"column":8},"end":{"line":92,"column":8}}]},"7":{"line":97,"type":"if","locations":[{"start":{"line":97,"column":8},"end":{"line":97,"column":8}},{"start":{"line":97,"column":8},"end":{"line":97,"column":8}}]},"8":{"line":98,"type":"if","locations":[{"start":{"line":98,"column":8},"end":{"line":98,"column":8}},{"start":{"line":98,"column":8},"end":{"line":98,"column":8}}]},"9":{"line":100,"type":"if","locations":[{"start":{"line":100,"column":8},"end":{"line":100,"column":8}},{"start":{"line":100,"column":8},"end":{"line":100,"column":8}}]},"10":{"line":101,"type":"if","locations":[{"start":{"line":101,"column":8},"end":{"line":101,"column":8}},{"start":{"line":101,"column":8},"end":{"line":101,"column":8}}]},"11":{"line":110,"type":"if","locations":[{"start":{"line":110,"column":8},"end":{"line":110,"column":8}},{"start":{"line":110,"column":8},"end":{"line":110,"column":8}}]},"12":{"line":130,"type":"if","locations":[{"start":{"line":130,"column":17},"end":{"line":130,"column":17}},{"start":{"line":130,"column":17},"end":{"line":130,"column":17}}]},"13":{"line":137,"type":"if","locations":[{"start":{"line":137,"column":8},"end":{"line":137,"column":8}},{"start":{"line":137,"column":8},"end":{"line":137,"column":8}}]},"14":{"line":138,"type":"if","locations":[{"start":{"line":138,"column":8},"end":{"line":138,"column":8}},{"start":{"line":138,"column":8},"end":{"line":138,"column":8}}]},"15":{"line":139,"type":"if","locations":[{"start":{"line":139,"column":8},"end":{"line":139,"column":8}},{"start":{"line":139,"column":8},"end":{"line":139,"column":8}}]},"16":{"line":142,"type":"if","locations":[{"start":{"line":142,"column":8},"end":{"line":142,"column":8}},{"start":{"line":142,"column":8},"end":{"line":142,"column":8}}]},"17":{"line":146,"type":"if","locations":[{"start":{"line":146,"column":8},"end":{"line":146,"column":8}},{"start":{"line":146,"column":8},"end":{"line":146,"column":8}}]},"18":{"line":147,"type":"if","locations":[{"start":{"line":147,"column":8},"end":{"line":147,"column":8}},{"start":{"line":147,"column":8},"end":{"line":147,"column":8}}]},"19":{"line":149,"type":"if","locations":[{"start":{"line":149,"column":8},"end":{"line":149,"column":8}},{"start":{"line":149,"column":8},"end":{"line":149,"column":8}}]},"20":{"line":150,"type":"if","locations":[{"start":{"line":150,"column":8},"end":{"line":150,"column":8}},{"start":{"line":150,"column":8},"end":{"line":150,"column":8}}]},"21":{"line":159,"type":"if","locations":[{"start":{"line":159,"column":8},"end":{"line":159,"column":8}},{"start":{"line":159,"column":8},"end":{"line":159,"column":8}}]},"22":{"line":176,"type":"if","locations":[{"start":{"line":176,"column":8},"end":{"line":176,"column":8}},{"start":{"line":176,"column":8},"end":{"line":176,"column":8}}]},"23":{"line":177,"type":"if","locations":[{"start":{"line":177,"column":8},"end":{"line":177,"column":8}},{"start":{"line":177,"column":8},"end":{"line":177,"column":8}}]},"24":{"line":193,"type":"if","locations":[{"start":{"line":193,"column":8},"end":{"line":193,"column":8}},{"start":{"line":193,"column":8},"end":{"line":193,"column":8}}]},"25":{"line":210,"type":"if","locations":[{"start":{"line":210,"column":18},"end":{"line":210,"column":18}},{"start":{"line":210,"column":18},"end":{"line":210,"column":18}}]},"26":{"line":215,"type":"if","locations":[{"start":{"line":215,"column":8},"end":{"line":215,"column":8}},{"start":{"line":215,"column":8},"end":{"line":215,"column":8}}]},"27":{"line":216,"type":"if","locations":[{"start":{"line":216,"column":8},"end":{"line":216,"column":8}},{"start":{"line":216,"column":8},"end":{"line":216,"column":8}}]},"28":{"line":217,"type":"if","locations":[{"start":{"line":217,"column":8},"end":{"line":217,"column":8}},{"start":{"line":217,"column":8},"end":{"line":217,"column":8}}]},"29":{"line":224,"type":"if","locations":[{"start":{"line":224,"column":8},"end":{"line":224,"column":8}},{"start":{"line":224,"column":8},"end":{"line":224,"column":8}}]},"30":{"line":226,"type":"if","locations":[{"start":{"line":226,"column":8},"end":{"line":226,"column":8}},{"start":{"line":226,"column":8},"end":{"line":226,"column":8}}]},"31":{"line":227,"type":"if","locations":[{"start":{"line":227,"column":8},"end":{"line":227,"column":8}},{"start":{"line":227,"column":8},"end":{"line":227,"column":8}}]},"32":{"line":229,"type":"if","locations":[{"start":{"line":229,"column":8},"end":{"line":229,"column":8}},{"start":{"line":229,"column":8},"end":{"line":229,"column":8}}]},"33":{"line":243,"type":"if","locations":[{"start":{"line":243,"column":8},"end":{"line":243,"column":8}},{"start":{"line":243,"column":8},"end":{"line":243,"column":8}}]},"34":{"line":274,"type":"if","locations":[{"start":{"line":274,"column":8},"end":{"line":274,"column":8}},{"start":{"line":274,"column":8},"end":{"line":274,"column":8}}]},"35":{"line":278,"type":"if","locations":[{"start":{"line":278,"column":8},"end":{"line":278,"column":8}},{"start":{"line":278,"column":8},"end":{"line":278,"column":8}}]},"36":{"line":311,"type":"if","locations":[{"start":{"line":311,"column":8},"end":{"line":311,"column":8}},{"start":{"line":311,"column":8},"end":{"line":311,"column":8}}]}}}}