{"contracts/MyTokenA.sol":{"l":{"16":0,"20":0,"24":2,"33":2},"path":"/Users/ccalinez/Workspace/etherKipu/hardhat/contracts/MyTokenA.sol","s":{"1":0,"2":0,"3":2,"4":2},"b":{"1":[0,0],"2":[0,0],"3":[2,0]},"f":{"1":1,"2":0,"3":0,"4":2,"5":2},"fnMap":{"1":{"name":"constructor","line":12,"loc":{"start":{"line":10,"column":4},"end":{"line":13,"column":5}}},"2":{"name":"pause","line":15,"loc":{"start":{"line":15,"column":4},"end":{"line":17,"column":4}}},"3":{"name":"unpause","line":19,"loc":{"start":{"line":19,"column":4},"end":{"line":21,"column":4}}},"4":{"name":"mint","line":23,"loc":{"start":{"line":23,"column":4},"end":{"line":25,"column":4}}},"5":{"name":"_update","line":29,"loc":{"start":{"line":29,"column":4},"end":{"line":34,"column":4}}}},"statementMap":{"1":{"start":{"line":16,"column":8},"end":{"line":16,"column":15}},"2":{"start":{"line":20,"column":8},"end":{"line":20,"column":17}},"3":{"start":{"line":24,"column":8},"end":{"line":24,"column":24}},"4":{"start":{"line":33,"column":8},"end":{"line":33,"column":37}}},"branchMap":{"1":{"line":15,"type":"if","locations":[{"start":{"line":15,"column":28},"end":{"line":15,"column":28}},{"start":{"line":15,"column":28},"end":{"line":15,"column":28}}]},"2":{"line":19,"type":"if","locations":[{"start":{"line":19,"column":30},"end":{"line":19,"column":30}},{"start":{"line":19,"column":30},"end":{"line":19,"column":30}}]},"3":{"line":23,"type":"if","locations":[{"start":{"line":23,"column":53},"end":{"line":23,"column":53}},{"start":{"line":23,"column":53},"end":{"line":23,"column":53}}]}}},"contracts/MyTokenB.sol":{"l":{"16":0,"20":0,"24":2,"33":2},"path":"/Users/ccalinez/Workspace/etherKipu/hardhat/contracts/MyTokenB.sol","s":{"1":0,"2":0,"3":2,"4":2},"b":{"1":[0,0],"2":[0,0],"3":[2,0]},"f":{"1":1,"2":0,"3":0,"4":2,"5":2},"fnMap":{"1":{"name":"constructor","line":12,"loc":{"start":{"line":10,"column":4},"end":{"line":13,"column":5}}},"2":{"name":"pause","line":15,"loc":{"start":{"line":15,"column":4},"end":{"line":17,"column":4}}},"3":{"name":"unpause","line":19,"loc":{"start":{"line":19,"column":4},"end":{"line":21,"column":4}}},"4":{"name":"mint","line":23,"loc":{"start":{"line":23,"column":4},"end":{"line":25,"column":4}}},"5":{"name":"_update","line":29,"loc":{"start":{"line":29,"column":4},"end":{"line":34,"column":4}}}},"statementMap":{"1":{"start":{"line":16,"column":8},"end":{"line":16,"column":15}},"2":{"start":{"line":20,"column":8},"end":{"line":20,"column":17}},"3":{"start":{"line":24,"column":8},"end":{"line":24,"column":24}},"4":{"start":{"line":33,"column":8},"end":{"line":33,"column":37}}},"branchMap":{"1":{"line":15,"type":"if","locations":[{"start":{"line":15,"column":28},"end":{"line":15,"column":28}},{"start":{"line":15,"column":28},"end":{"line":15,"column":28}}]},"2":{"line":19,"type":"if","locations":[{"start":{"line":19,"column":30},"end":{"line":19,"column":30}},{"start":{"line":19,"column":30},"end":{"line":19,"column":30}}]},"3":{"line":23,"type":"if","locations":[{"start":{"line":23,"column":53},"end":{"line":23,"column":53}},{"start":{"line":23,"column":53},"end":{"line":23,"column":53}}]}}},"contracts/SimpleSwap.sol":{"l":{"56":0,"64":0,"88":0,"90":0,"91":0,"92":0,"95":0,"97":0,"98":0,"100":0,"101":0,"103":0,"104":0,"106":0,"107":0,"108":0,"109":0,"110":0,"111":0,"112":0,"133":0,"134":0,"135":0,"137":0,"138":0,"139":0,"142":0,"144":0,"146":0,"147":0,"149":0,"150":0,"152":0,"154":0,"155":0,"157":0,"158":0,"159":0,"160":0,"161":0,"174":0,"175":0,"176":0,"177":0,"178":0,"179":0,"193":0,"194":0,"195":0,"213":0,"215":0,"216":0,"217":0,"219":0,"221":0,"222":0,"223":0,"224":0,"226":0,"227":0,"229":0,"230":0,"231":0,"233":0,"234":0,"237":0,"238":0,"240":0,"241":0,"242":0,"243":0,"244":0,"245":0,"258":0,"272":0,"273":0,"274":0,"275":0,"277":0,"278":0,"279":0,"281":0,"282":0,"296":0,"297":0,"310":0,"311":0,"312":0,"314":0,"315":0,"316":0},"path":"/Users/ccalinez/Workspace/etherKipu/hardhat/contracts/SimpleSwap.sol","s":{"1":0,"2":0,"3":0,"4":0,"5":0,"6":0,"7":0,"8":0,"9":0,"10":0,"11":0,"12":0,"13":0,"14":0,"15":0,"16":0,"17":0,"18":0,"19":0,"20":0,"21":0,"22":0,"23":0,"24":0,"25":0,"26":0,"27":0,"28":0,"29":0,"30":0,"31":0,"32":0,"33":0,"34":0,"35":0,"36":0,"37":0,"38":0,"39":0,"40":0,"41":0,"42":0,"43":0,"44":0,"45":0,"46":0,"47":0,"48":0,"49":0,"50":0,"51":0,"52":0,"53":0,"54":0,"55":0,"56":0,"57":0,"58":0,"59":0,"60":0,"61":0,"62":0,"63":0,"64":0,"65":0,"66":0,"67":0,"68":0,"69":0,"70":0,"71":0,"72":0,"73":0,"74":0,"75":0},"b":{"1":[0,0],"2":[0,0],"3":[0,0],"4":[0,0],"5":[0,0],"6":[0,0],"7":[0,0],"8":[0,0],"9":[0,0],"10":[0,0],"11":[0,0],"12":[0,0],"13":[0,0],"14":[0,0],"15":[0,0],"16":[0,0],"17":[0,0],"18":[0,0],"19":[0,0],"20":[0,0],"21":[0,0],"22":[0,0],"23":[0,0],"24":[0,0],"25":[0,0],"26":[0,0],"27":[0,0],"28":[0,0],"29":[0,0],"30":[0,0],"31":[0,0],"32":[0,0],"33":[0,0],"34":[0,0],"35":[0,0],"36":[0,0]},"f":{"1":1,"2":0,"3":0,"4":0,"5":0,"6":0,"7":0,"8":0,"9":0,"10":0,"11":0,"12":0},"fnMap":{"1":{"name":"constructor","line":49,"loc":{"start":{"line":47,"column":4},"end":{"line":49,"column":30}}},"2":{"name":"pause","line":55,"loc":{"start":{"line":55,"column":4},"end":{"line":57,"column":4}}},"3":{"name":"unpause","line":63,"loc":{"start":{"line":63,"column":4},"end":{"line":65,"column":4}}},"4":{"name":"addLiquidity","line":85,"loc":{"start":{"line":82,"column":4},"end":{"line":113,"column":4}}},"5":{"name":"removeLiquidity","line":130,"loc":{"start":{"line":128,"column":4},"end":{"line":162,"column":4}}},"6":{"name":"getPrice","line":171,"loc":{"start":{"line":171,"column":5},"end":{"line":180,"column":5}}},"7":{"name":"getAmountOut","line":190,"loc":{"start":{"line":190,"column":5},"end":{"line":196,"column":5}}},"8":{"name":"swapExactTokensForTokens","line":210,"loc":{"start":{"line":208,"column":5},"end":{"line":246,"column":5}}},"9":{"name":"_update","line":255,"loc":{"start":{"line":255,"column":4},"end":{"line":259,"column":4}}},"10":{"name":"calculateLiquidityAmounts","line":269,"loc":{"start":{"line":269,"column":4},"end":{"line":284,"column":4}}},"11":{"name":"calculateTokenAmounts","line":293,"loc":{"start":{"line":293,"column":4},"end":{"line":298,"column":4}}},"12":{"name":"calculateLiquidityToken","line":307,"loc":{"start":{"line":307,"column":4},"end":{"line":318,"column":4}}}},"statementMap":{"1":{"start":{"line":56,"column":8},"end":{"line":56,"column":15}},"2":{"start":{"line":64,"column":8},"end":{"line":64,"column":17}},"3":{"start":{"line":88,"column":8},"end":{"line":88,"column":36}},"4":{"start":{"line":90,"column":8},"end":{"line":90,"column":88}},"5":{"start":{"line":91,"column":8},"end":{"line":91,"column":61}},"6":{"start":{"line":92,"column":8},"end":{"line":92,"column":3976}},"7":{"start":{"line":97,"column":8},"end":{"line":97,"column":74}},"8":{"start":{"line":98,"column":8},"end":{"line":98,"column":74}},"9":{"start":{"line":100,"column":8},"end":{"line":100,"column":92}},"10":{"start":{"line":101,"column":8},"end":{"line":101,"column":92}},"11":{"start":{"line":103,"column":8},"end":{"line":103,"column":69}},"12":{"start":{"line":104,"column":8},"end":{"line":104,"column":69}},"13":{"start":{"line":109,"column":8},"end":{"line":109,"column":33}},"14":{"start":{"line":110,"column":8},"end":{"line":110,"column":71}},"15":{"start":{"line":111,"column":8},"end":{"line":111,"column":56}},"16":{"start":{"line":112,"column":8},"end":{"line":112,"column":44}},"17":{"start":{"line":133,"column":8},"end":{"line":133,"column":33}},"18":{"start":{"line":134,"column":8},"end":{"line":134,"column":33}},"19":{"start":{"line":135,"column":8},"end":{"line":135,"column":36}},"20":{"start":{"line":137,"column":8},"end":{"line":137,"column":88}},"21":{"start":{"line":138,"column":8},"end":{"line":138,"column":61}},"22":{"start":{"line":139,"column":8},"end":{"line":139,"column":6426}},"23":{"start":{"line":142,"column":8},"end":{"line":142,"column":89}},"24":{"start":{"line":146,"column":8},"end":{"line":146,"column":75}},"25":{"start":{"line":147,"column":8},"end":{"line":147,"column":75}},"26":{"start":{"line":149,"column":8},"end":{"line":149,"column":62}},"27":{"start":{"line":150,"column":8},"end":{"line":150,"column":62}},"28":{"start":{"line":152,"column":8},"end":{"line":152,"column":41}},"29":{"start":{"line":157,"column":8},"end":{"line":157,"column":42}},"30":{"start":{"line":158,"column":8},"end":{"line":158,"column":42}},"31":{"start":{"line":159,"column":8},"end":{"line":159,"column":71}},"32":{"start":{"line":160,"column":8},"end":{"line":160,"column":56}},"33":{"start":{"line":161,"column":8},"end":{"line":161,"column":33}},"34":{"start":{"line":174,"column":8},"end":{"line":174,"column":33}},"35":{"start":{"line":175,"column":8},"end":{"line":175,"column":33}},"36":{"start":{"line":176,"column":8},"end":{"line":176,"column":88}},"37":{"start":{"line":177,"column":8},"end":{"line":177,"column":80}},"38":{"start":{"line":179,"column":8},"end":{"line":179,"column":20}},"39":{"start":{"line":193,"column":8},"end":{"line":193,"column":58}},"40":{"start":{"line":195,"column":8},"end":{"line":195,"column":24}},"41":{"start":{"line":213,"column":8},"end":{"line":213,"column":36}},"42":{"start":{"line":215,"column":8},"end":{"line":215,"column":96}},"43":{"start":{"line":216,"column":8},"end":{"line":216,"column":90}},"44":{"start":{"line":217,"column":8},"end":{"line":217,"column":61}},"45":{"start":{"line":219,"column":8},"end":{"line":219,"column":115}},"46":{"start":{"line":221,"column":8},"end":{"line":221,"column":33}},"47":{"start":{"line":222,"column":8},"end":{"line":222,"column":33}},"48":{"start":{"line":223,"column":8},"end":{"line":223,"column":124}},"49":{"start":{"line":224,"column":8},"end":{"line":224,"column":67}},"50":{"start":{"line":226,"column":8},"end":{"line":226,"column":96}},"51":{"start":{"line":227,"column":8},"end":{"line":227,"column":101}},"52":{"start":{"line":229,"column":8},"end":{"line":229,"column":11014}},"53":{"start":{"line":237,"column":8},"end":{"line":237,"column":71}},"54":{"start":{"line":238,"column":8},"end":{"line":238,"column":53}},"55":{"start":{"line":243,"column":8},"end":{"line":243,"column":71}},"56":{"start":{"line":244,"column":8},"end":{"line":244,"column":96}},"57":{"start":{"line":245,"column":8},"end":{"line":245,"column":22}},"58":{"start":{"line":258,"column":8},"end":{"line":258,"column":37}},"59":{"start":{"line":272,"column":8},"end":{"line":272,"column":33}},"60":{"start":{"line":273,"column":8},"end":{"line":273,"column":33}},"61":{"start":{"line":274,"column":8},"end":{"line":274,"column":12889}},"62":{"start":{"line":275,"column":12},"end":{"line":275,"column":51}},"63":{"start":{"line":277,"column":8},"end":{"line":277,"column":70}},"64":{"start":{"line":278,"column":8},"end":{"line":278,"column":13072}},"65":{"start":{"line":279,"column":12},"end":{"line":279,"column":51}},"66":{"start":{"line":281,"column":12},"end":{"line":281,"column":74}},"67":{"start":{"line":282,"column":12},"end":{"line":282,"column":51}},"68":{"start":{"line":296,"column":8},"end":{"line":296,"column":40}},"69":{"start":{"line":297,"column":8},"end":{"line":297,"column":91}},"70":{"start":{"line":310,"column":8},"end":{"line":310,"column":40}},"71":{"start":{"line":311,"column":8},"end":{"line":311,"column":14558}},"72":{"start":{"line":312,"column":13},"end":{"line":312,"column":48}},"73":{"start":{"line":314,"column":12},"end":{"line":314,"column":64}},"74":{"start":{"line":315,"column":12},"end":{"line":315,"column":64}},"75":{"start":{"line":316,"column":12},"end":{"line":316,"column":51}}},"branchMap":{"1":{"line":55,"type":"if","locations":[{"start":{"line":55,"column":28},"end":{"line":55,"column":28}},{"start":{"line":55,"column":28},"end":{"line":55,"column":28}}]},"2":{"line":63,"type":"if","locations":[{"start":{"line":63,"column":30},"end":{"line":63,"column":30}},{"start":{"line":63,"column":30},"end":{"line":63,"column":30}}]},"3":{"line":85,"type":"if","locations":[{"start":{"line":85,"column":18},"end":{"line":85,"column":18}},{"start":{"line":85,"column":18},"end":{"line":85,"column":18}}]},"4":{"line":90,"type":"if","locations":[{"start":{"line":90,"column":8},"end":{"line":90,"column":8}},{"start":{"line":90,"column":8},"end":{"line":90,"column":8}}]},"5":{"line":91,"type":"if","locations":[{"start":{"line":91,"column":8},"end":{"line":91,"column":8}},{"start":{"line":91,"column":8},"end":{"line":91,"column":8}}]},"6":{"line":92,"type":"if","locations":[{"start":{"line":92,"column":8},"end":{"line":92,"column":8}},{"start":{"line":92,"column":8},"end":{"line":92,"column":8}}]},"7":{"line":97,"type":"if","locations":[{"start":{"line":97,"column":8},"end":{"line":97,"column":8}},{"start":{"line":97,"column":8},"end":{"line":97,"column":8}}]},"8":{"line":98,"type":"if","locations":[{"start":{"line":98,"column":8},"end":{"line":98,"column":8}},{"start":{"line":98,"column":8},"end":{"line":98,"column":8}}]},"9":{"line":100,"type":"if","locations":[{"start":{"line":100,"column":8},"end":{"line":100,"column":8}},{"start":{"line":100,"column":8},"end":{"line":100,"column":8}}]},"10":{"line":101,"type":"if","locations":[{"start":{"line":101,"column":8},"end":{"line":101,"column":8}},{"start":{"line":101,"column":8},"end":{"line":101,"column":8}}]},"11":{"line":110,"type":"if","locations":[{"start":{"line":110,"column":8},"end":{"line":110,"column":8}},{"start":{"line":110,"column":8},"end":{"line":110,"column":8}}]},"12":{"line":130,"type":"if","locations":[{"start":{"line":130,"column":17},"end":{"line":130,"column":17}},{"start":{"line":130,"column":17},"end":{"line":130,"column":17}}]},"13":{"line":137,"type":"if","locations":[{"start":{"line":137,"column":8},"end":{"line":137,"column":8}},{"start":{"line":137,"column":8},"end":{"line":137,"column":8}}]},"14":{"line":138,"type":"if","locations":[{"start":{"line":138,"column":8},"end":{"line":138,"column":8}},{"start":{"line":138,"column":8},"end":{"line":138,"column":8}}]},"15":{"line":139,"type":"if","locations":[{"start":{"line":139,"column":8},"end":{"line":139,"column":8}},{"start":{"line":139,"column":8},"end":{"line":139,"column":8}}]},"16":{"line":142,"type":"if","locations":[{"start":{"line":142,"column":8},"end":{"line":142,"column":8}},{"start":{"line":142,"column":8},"end":{"line":142,"column":8}}]},"17":{"line":146,"type":"if","locations":[{"start":{"line":146,"column":8},"end":{"line":146,"column":8}},{"start":{"line":146,"column":8},"end":{"line":146,"column":8}}]},"18":{"line":147,"type":"if","locations":[{"start":{"line":147,"column":8},"end":{"line":147,"column":8}},{"start":{"line":147,"column":8},"end":{"line":147,"column":8}}]},"19":{"line":149,"type":"if","locations":[{"start":{"line":149,"column":8},"end":{"line":149,"column":8}},{"start":{"line":149,"column":8},"end":{"line":149,"column":8}}]},"20":{"line":150,"type":"if","locations":[{"start":{"line":150,"column":8},"end":{"line":150,"column":8}},{"start":{"line":150,"column":8},"end":{"line":150,"column":8}}]},"21":{"line":159,"type":"if","locations":[{"start":{"line":159,"column":8},"end":{"line":159,"column":8}},{"start":{"line":159,"column":8},"end":{"line":159,"column":8}}]},"22":{"line":176,"type":"if","locations":[{"start":{"line":176,"column":8},"end":{"line":176,"column":8}},{"start":{"line":176,"column":8},"end":{"line":176,"column":8}}]},"23":{"line":177,"type":"if","locations":[{"start":{"line":177,"column":8},"end":{"line":177,"column":8}},{"start":{"line":177,"column":8},"end":{"line":177,"column":8}}]},"24":{"line":193,"type":"if","locations":[{"start":{"line":193,"column":8},"end":{"line":193,"column":8}},{"start":{"line":193,"column":8},"end":{"line":193,"column":8}}]},"25":{"line":210,"type":"if","locations":[{"start":{"line":210,"column":18},"end":{"line":210,"column":18}},{"start":{"line":210,"column":18},"end":{"line":210,"column":18}}]},"26":{"line":215,"type":"if","locations":[{"start":{"line":215,"column":8},"end":{"line":215,"column":8}},{"start":{"line":215,"column":8},"end":{"line":215,"column":8}}]},"27":{"line":216,"type":"if","locations":[{"start":{"line":216,"column":8},"end":{"line":216,"column":8}},{"start":{"line":216,"column":8},"end":{"line":216,"column":8}}]},"28":{"line":217,"type":"if","locations":[{"start":{"line":217,"column":8},"end":{"line":217,"column":8}},{"start":{"line":217,"column":8},"end":{"line":217,"column":8}}]},"29":{"line":224,"type":"if","locations":[{"start":{"line":224,"column":8},"end":{"line":224,"column":8}},{"start":{"line":224,"column":8},"end":{"line":224,"column":8}}]},"30":{"line":226,"type":"if","locations":[{"start":{"line":226,"column":8},"end":{"line":226,"column":8}},{"start":{"line":226,"column":8},"end":{"line":226,"column":8}}]},"31":{"line":227,"type":"if","locations":[{"start":{"line":227,"column":8},"end":{"line":227,"column":8}},{"start":{"line":227,"column":8},"end":{"line":227,"column":8}}]},"32":{"line":229,"type":"if","locations":[{"start":{"line":229,"column":8},"end":{"line":229,"column":8}},{"start":{"line":229,"column":8},"end":{"line":229,"column":8}}]},"33":{"line":243,"type":"if","locations":[{"start":{"line":243,"column":8},"end":{"line":243,"column":8}},{"start":{"line":243,"column":8},"end":{"line":243,"column":8}}]},"34":{"line":274,"type":"if","locations":[{"start":{"line":274,"column":8},"end":{"line":274,"column":8}},{"start":{"line":274,"column":8},"end":{"line":274,"column":8}}]},"35":{"line":278,"type":"if","locations":[{"start":{"line":278,"column":8},"end":{"line":278,"column":8}},{"start":{"line":278,"column":8},"end":{"line":278,"column":8}}]},"36":{"line":311,"type":"if","locations":[{"start":{"line":311,"column":8},"end":{"line":311,"column":8}},{"start":{"line":311,"column":8},"end":{"line":311,"column":8}}]}}}}