TN:
SF:/Users/ccalinez/Workspace/etherKipu/hardhat/contracts/MyTokenA.sol
FN:12,constructor
FN:15,pause
FN:19,unpause
FN:23,mint
FN:29,_update
FNF:5
FNH:3
FNDA:1,constructor
FNDA:0,pause
FNDA:0,unpause
FNDA:2,mint
FNDA:2,_update
DA:16,0
DA:20,0
DA:24,2
DA:33,2
LF:4
LH:2
BRDA:15,1,0,0
BRDA:15,1,1,0
BRDA:19,2,0,0
BRDA:19,2,1,0
BRDA:23,3,0,2
BRDA:23,3,1,0
BRF:6
BRH:1
end_of_record
TN:
SF:/Users/ccalinez/Workspace/etherKipu/hardhat/contracts/MyTokenB.sol
FN:12,constructor
FN:15,pause
FN:19,unpause
FN:23,mint
FN:29,_update
FNF:5
FNH:3
FNDA:1,constructor
FNDA:0,pause
FNDA:0,unpause
FNDA:2,mint
FNDA:2,_update
DA:16,0
DA:20,0
DA:24,2
DA:33,2
LF:4
LH:2
BRDA:15,1,0,0
BRDA:15,1,1,0
BRDA:19,2,0,0
BRDA:19,2,1,0
BRDA:23,3,0,2
BRDA:23,3,1,0
BRF:6
BRH:1
end_of_record
TN:
SF:/Users/ccalinez/Workspace/etherKipu/hardhat/contracts/SimpleSwap.sol
FN:49,constructor
FN:55,pause
FN:63,unpause
FN:85,addLiquidity
FN:130,removeLiquidity
FN:171,getPrice
FN:190,getAmountOut
FN:210,swapExactTokensForTokens
FN:255,_update
FN:269,calculateLiquidityAmounts
FN:293,calculateTokenAmounts
FN:307,calculateLiquidityToken
FNF:12
FNH:1
FNDA:1,constructor
FNDA:0,pause
FNDA:0,unpause
FNDA:0,addLiquidity
FNDA:0,removeLiquidity
FNDA:0,getPrice
FNDA:0,getAmountOut
FNDA:0,swapExactTokensForTokens
FNDA:0,_update
FNDA:0,calculateLiquidityAmounts
FNDA:0,calculateTokenAmounts
FNDA:0,calculateLiquidityToken
DA:56,0
DA:64,0
DA:88,0
DA:90,0
DA:91,0
DA:92,0
DA:95,0
DA:97,0
DA:98,0
DA:100,0
DA:101,0
DA:103,0
DA:104,0
DA:106,0
DA:107,0
DA:108,0
DA:109,0
DA:110,0
DA:111,0
DA:112,0
DA:133,0
DA:134,0
DA:135,0
DA:137,0
DA:138,0
DA:139,0
DA:142,0
DA:144,0
DA:146,0
DA:147,0
DA:149,0
DA:150,0
DA:152,0
DA:154,0
DA:155,0
DA:157,0
DA:158,0
DA:159,0
DA:160,0
DA:161,0
DA:174,0
DA:175,0
DA:176,0
DA:177,0
DA:178,0
DA:179,0
DA:193,0
DA:194,0
DA:195,0
DA:213,0
DA:215,0
DA:216,0
DA:217,0
DA:219,0
DA:221,0
DA:222,0
DA:223,0
DA:224,0
DA:226,0
DA:227,0
DA:229,0
DA:230,0
DA:231,0
DA:233,0
DA:234,0
DA:237,0
DA:238,0
DA:240,0
DA:241,0
DA:242,0
DA:243,0
DA:244,0
DA:245,0
DA:258,0
DA:272,0
DA:273,0
DA:274,0
DA:275,0
DA:277,0
DA:278,0
DA:279,0
DA:281,0
DA:282,0
DA:296,0
DA:297,0
DA:310,0
DA:311,0
DA:312,0
DA:314,0
DA:315,0
DA:316,0
LF:91
LH:0
BRDA:55,1,0,0
BRDA:55,1,1,0
BRDA:63,2,0,0
BRDA:63,2,1,0
BRDA:85,3,0,0
BRDA:85,3,1,0
BRDA:90,4,0,0
BRDA:90,4,1,0
BRDA:91,5,0,0
BRDA:91,5,1,0
BRDA:92,6,0,0
BRDA:92,6,1,0
BRDA:97,7,0,0
BRDA:97,7,1,0
BRDA:98,8,0,0
BRDA:98,8,1,0
BRDA:100,9,0,0
BRDA:100,9,1,0
BRDA:101,10,0,0
BRDA:101,10,1,0
BRDA:110,11,0,0
BRDA:110,11,1,0
BRDA:130,12,0,0
BRDA:130,12,1,0
BRDA:137,13,0,0
BRDA:137,13,1,0
BRDA:138,14,0,0
BRDA:138,14,1,0
BRDA:139,15,0,0
BRDA:139,15,1,0
BRDA:142,16,0,0
BRDA:142,16,1,0
BRDA:146,17,0,0
BRDA:146,17,1,0
BRDA:147,18,0,0
BRDA:147,18,1,0
BRDA:149,19,0,0
BRDA:149,19,1,0
BRDA:150,20,0,0
BRDA:150,20,1,0
BRDA:159,21,0,0
BRDA:159,21,1,0
BRDA:176,22,0,0
BRDA:176,22,1,0
BRDA:177,23,0,0
BRDA:177,23,1,0
BRDA:193,24,0,0
BRDA:193,24,1,0
BRDA:210,25,0,0
BRDA:210,25,1,0
BRDA:215,26,0,0
BRDA:215,26,1,0
BRDA:216,27,0,0
BRDA:216,27,1,0
BRDA:217,28,0,0
BRDA:217,28,1,0
BRDA:224,29,0,0
BRDA:224,29,1,0
BRDA:226,30,0,0
BRDA:226,30,1,0
BRDA:227,31,0,0
BRDA:227,31,1,0
BRDA:229,32,0,0
BRDA:229,32,1,0
BRDA:243,33,0,0
BRDA:243,33,1,0
BRDA:274,34,0,0
BRDA:274,34,1,0
BRDA:278,35,0,0
BRDA:278,35,1,0
BRDA:311,36,0,0
BRDA:311,36,1,0
BRF:72
BRH:0
end_of_record
